<?xml version="1.0" encoding="UTF-8"?>
<testsuite name="TwoFerTest" tests="4" skipped="3" failures="0" errors="0" timestamp="2022-11-28T11:14:04" hostname="LAPTOP-BBA7PO1O" time="0.019">
  <properties/>
  <testcase name="noNameGiven" classname="TwoFerTest" time="0.018"/>
  <testcase name="emptyStringGiven" classname="TwoFerTest" time="0.0">
    <skipped/>
  </testcase>
  <testcase name="aNameGiven" classname="TwoFerTest" time="0.0">
    <skipped/>
  </testcase>
  <testcase name="anotherNameGiven" classname="TwoFerTest" time="0.0">
    <skipped/>
  </testcase>
  <system-out><![CDATA[]]></system-out>
  <system-err><![CDATA[]]></system-err>
</testsuite>
