<?xml version="1.0" encoding="UTF-8"?>
<testsuite name="SqueakyCleanTest" tests="1" skipped="0" failures="0" errors="0" timestamp="2024-03-27T16:59:54" hostname="LAPTOP-BBA7PO1O" time="0.06">
  <properties/>
  <testcase name="The clean method replaces whitespaces with underscores in the middle of the string" classname="SqueakyCleanTest" time="0.06"/>
  <system-out><![CDATA[]]></system-out>
  <system-err><![CDATA[]]></system-err>
</testsuite>
